2025-01-02 15:24:30 +0700	Request GET /tests/12
2025-01-02 15:24:30 +0700	Handler TestsController#index
2025-01-02 15:24:30 +0700	Response 200 [text/html] tests/index.html.erb
2025-01-02 15:31:28 +0700	Request GET /tests/12
2025-01-02 15:31:28 +0700	Handler TestsController#index
2025-01-02 15:32:43 +0700	Request GET /tests/12
2025-01-02 15:32:43 +0700	Handler TestsController#index
2025-01-02 15:32:43 +0700	Response 200 [text/html] tests/index.html.erb
2025-01-02 15:41:14 +0700	Request GET /tests/12
2025-01-02 15:41:14 +0700	Handler TestsController#index
2025-01-02 15:41:14 +0700	Response 200 [text/html] tests/index.html.erb
2025-01-02 16:11:30 +0700	Request GET /tests/12
2025-01-02 16:11:30 +0700	Handler TestsController#index
2025-01-02 16:11:30 +0700	Response 200 [text/html] tests/index.html.erb
2025-01-02 16:13:56 +0700	Request GET /tests/12
2025-01-02 16:13:56 +0700	Handler TestsController#index
2025-01-02 16:13:56 +0700	Response 200 [text/html] tests/index.html.erb 2025-01-02 16:14:42 +0700	Request GET /tests/12 2025-01-02 16:14:42 +0700	Handler TestsController#index 2025-01-02 16:14:42 +0700	Response 200 [text/html] tests/index.html.erb
2025-01-02 16:14:57 +0700	Request GET /tests?category=Backend
2025-01-02 16:14:57 +0700	Handler TestsController#index
2025-01-02 16:14:57 +0700	Response 200 [text/html] tests/index.html.erb
2025-01-02 16:59:43 +0700	Request GET /tests/101
2025-01-02 16:59:43 +0700	Handler TestsController#index
2025-01-02 16:59:43 +0700	Response 200 [text/html] tests/index.html.erb
2025-01-02 17:00:23 +0700	Request GET /tests/101
2025-01-02 17:00:23 +0700	Handler TestsController#index
2025-01-02 17:00:23 +0700	Response 200 [text/html] tests/index.html.erb
2025-01-02 17:01:38 +0700	Request GET /tests/101
2025-01-02 17:01:38 +0700	Handler TestsController#index
2025-01-02 17:01:38 +0700	Response 200 [text/html] tests/index.html.erb
2025-01-02 17:02:29 +0700	Request GET /tests/101
2025-01-02 17:02:29 +0700	Handler TestsController#index
2025-01-02 17:02:29 +0700	Response 200 [text/html] tests/index.html.erb
2025-01-02 17:03:07 +0700	Request GET /tests?category=Backend
2025-01-02 17:03:07 +0700	Handler TestsController#index
2025-01-02 17:03:07 +0700	Response 200 [text/html] tests/index.html.erb
2025-01-02 17:03:52 +0700	Request GET /tests/12
2025-01-02 17:03:52 +0700	Handler TestsController#index
2025-01-02 17:03:52 +0700	Response 200 [text/html] tests/index.html.erb
2025-01-02 18:51:06 +0700	Request GET /tests/12
2025-01-02 18:51:06 +0700	Handler TestsController#index
2025-01-02 18:51:06 +0700	Response 200 [text/html] tests/index.html.erb
2025-01-02 18:51:33 +0700	Request GET /tests/12
2025-01-02 18:51:33 +0700	Handler TestsController#index
2025-01-02 18:51:33 +0700	Response 200 [text/html] tests/index.html.erb
2025-01-02 18:51:35 +0700	Request GET /tests?category=Backend
2025-01-02 18:51:35 +0700	Handler TestsController#index
2025-01-02 18:51:35 +0700	Response 200 [text/html] tests/index.html.erb
2025-01-02 18:55:23 +0700	Request POST /tests?category=Backend
2025-01-02 18:55:23 +0700	Handler TestsController#create
2025-01-02 18:55:23 +0700	Response 200 [text/html] tests/create.html.erb
2025-01-02 18:55:26 +0700	Request GET /tests/12
2025-01-02 18:55:26 +0700	Handler TestsController#index
2025-01-02 18:55:26 +0700	Response 200 [text/html] tests/index.html.erb
2025-01-15 19:36:25 +0700	Request GET /tests
2025-01-15 19:36:25 +0700	Handler TestsController#index
2025-01-15 19:36:25 +0700	Response 200 [text/html] tests/index.html.erb
2025-01-15 20:39:01 +0700	Request GET /tests/1
2025-01-15 20:39:01 +0700	Handler TestsController#index
2025-01-15 20:39:01 +0700	Response 200 [text/html] tests/index.html.erb
2025-01-15 20:39:51 +0700	Request GET /tests/1
2025-01-15 20:39:51 +0700	Handler TestsController#index
2025-01-15 20:39:51 +0700	Response 200 [text/html] tests/index.html.erb
2025-01-15 20:39:54 +0700	Request GET /tests/1
2025-01-15 20:39:54 +0700	Handler TestsController#index
2025-01-15 20:39:54 +0700	Response 200 [text/html] tests/index.html.erb
2025-01-15 20:51:19 +0700	Request GET /tests/1
2025-01-15 20:51:19 +0700	Handler TestsController#index
2025-01-15 20:51:19 +0700	Response 200 [text/html] tests/index.html.erb
2025-01-15 20:53:00 +0700	Request GET /tests/1
2025-01-15 20:53:00 +0700	Handler TestsController#index
2025-01-15 20:53:00 +0700	Response 200 [text/html] tests/index.html.erb
2025-01-18 14:25:35 +0700	Request GET /tests
2025-01-18 14:25:35 +0700	Handler TestsController#index
2025-01-18 14:25:35 +0700	Response 200 [text/html] tests/index.html.erb
2025-01-18 14:25:37 +0700	Request GET /tests/1
2025-01-18 14:25:37 +0700	Handler TestsController#index
2025-01-18 14:25:37 +0700	Response 200 [text/html] tests/index.html.erb
2025-01-18 14:27:28 +0700	Request GET /tests/1
2025-01-18 14:27:28 +0700	Handler TestsController#index
2025-01-18 14:27:28 +0700	Response 200 [text/html] tests/index.html.erb
2025-01-18 14:37:22 +0700	Request GET /tests
2025-01-18 14:37:22 +0700	Handler TestsController#index
2025-01-18 14:37:22 +0700	Response 200 [text/html] tests/index.html.erb
2025-01-18 14:37:27 +0700	Request GET /tests/1
2025-01-18 14:37:27 +0700	Handler TestsController#index
2025-01-18 14:37:27 +0700	Response 200 [text/html] tests/index.html.erb
